<?xml version="1.0" encoding="UTF-8"?>
<!-- Generated by org.testng.reporters.JUnitReportReporter -->
<testsuite hostname="Usuarios-MacBook-Air.local" failures="0" tests="5" name="Tests.PracticaM5b" time="25.951" errors="0" timestamp="2024-07-03T07:19:59 CDT" skipped="0">
  <testcase classname="Tests.PracticaM5b" name="login" time="3.241"/>
  <testcase classname="Tests.PracticaM5b" name="login" time="8.711"/>
  <testcase classname="Tests.PracticaM5b" name="login" time="2.869"/>
  <testcase classname="Tests.PracticaM5b" name="login" time="4.280"/>
  <testcase classname="Tests.PracticaM5b" name="login" time="6.850"/>
</testsuite> <!-- Tests.PracticaM5b -->
